[INFO][article.go:105]2025/02/15 18:04:42 [接收到的参数：]
[INFO][article.go:106]2025/02/15 18:04:42 [tag_ids: %v 1,2]
[INFO][article.go:107]2025/02/15 18:04:42 [title: %v 文件上传测试]
[INFO][article.go:108]2025/02/15 18:04:42 [desc: %v 描述描述描述描述描述描述描述描述描述]
[INFO][article.go:109]2025/02/15 18:04:42 [content: %v ]
[INFO][article.go:110]2025/02/15 18:04:42 [created_by: %v zxy]
[INFO][article.go:111]2025/02/15 18:04:42 [state: %v 1]
[INFO][article.go:112]2025/02/15 18:04:42 [category_id: %v 1]
[INFO][article.go:162]2025/02/15 18:04:42 [err.key: %s, err.message: %s content 内容不能为空]
[INFO][article.go:105]2025/02/15 18:06:30 [接收到的参数：]
[INFO][article.go:106]2025/02/15 18:06:30 [tag_ids: %v 1,2]
[INFO][article.go:107]2025/02/15 18:06:30 [title: %v 文件上传测试]
[INFO][article.go:108]2025/02/15 18:06:30 [desc: %v 描述描述描述描述描述描述描述描述描述]
[INFO][article.go:109]2025/02/15 18:06:30 [content: %v ]
[INFO][article.go:110]2025/02/15 18:06:30 [created_by: %v zxy]
[INFO][article.go:111]2025/02/15 18:06:30 [state: %v 1]
[INFO][article.go:112]2025/02/15 18:06:30 [category_id: %v 1]
[INFO][article.go:162]2025/02/15 18:06:30 [err.key: %s, err.message: %s content 内容不能为空]
[INFO][article.go:105]2025/02/15 18:07:27 [接收到的参数：]
[INFO][article.go:106]2025/02/15 18:07:27 [tag_ids: %v 1,2]
[INFO][article.go:107]2025/02/15 18:07:27 [title: %v 文件上传测试]
[INFO][article.go:108]2025/02/15 18:07:27 [desc: %v 描述描述描述描述描述描述描述描述描述]
[INFO][article.go:109]2025/02/15 18:07:27 [content: %v ]
[INFO][article.go:110]2025/02/15 18:07:27 [created_by: %v zxy]
[INFO][article.go:111]2025/02/15 18:07:27 [state: %v 1]
[INFO][article.go:112]2025/02/15 18:07:27 [category_id: %v 1]
[INFO][article.go:162]2025/02/15 18:07:27 [err.key: %s, err.message: %s content 内容不能为空]
[INFO][article.go:128]2025/02/15 18:07:46 [文件上传成功：%s assets\md\1739614066.md]
[INFO][article.go:133]2025/02/15 18:07:46 [接收到的参数：]
[INFO][article.go:134]2025/02/15 18:07:46 [tag_ids: %v 1,2]
[INFO][article.go:135]2025/02/15 18:07:46 [title: %v 文件上传测试]
[INFO][article.go:136]2025/02/15 18:07:46 [desc: %v 描述描述描述描述描述描述描述描述描述]
[INFO][article.go:137]2025/02/15 18:07:46 [content: %v ]
[INFO][article.go:138]2025/02/15 18:07:46 [created_by: %v zxy]
[INFO][article.go:139]2025/02/15 18:07:46 [state: %v 1]
[INFO][article.go:140]2025/02/15 18:07:46 [category_id: %v 1]
[INFO][article.go:141]2025/02/15 18:07:46 [mardown: %v assets\md\1739614066.md]
[INFO][article.go:128]2025/02/15 18:10:20 [文件上传成功：%s assets/md/1739614220.md]
[INFO][article.go:133]2025/02/15 18:10:20 [接收到的参数：]
[INFO][article.go:134]2025/02/15 18:10:20 [tag_ids: %v 1,2]
[INFO][article.go:135]2025/02/15 18:10:20 [title: %v 文件上传测试]
[INFO][article.go:136]2025/02/15 18:10:20 [desc: %v 描述描述描述描述描述描述描述描述描述]
[INFO][article.go:137]2025/02/15 18:10:20 [content: %v ]
[INFO][article.go:138]2025/02/15 18:10:20 [created_by: %v zxy]
[INFO][article.go:139]2025/02/15 18:10:20 [state: %v 1]
[INFO][article.go:140]2025/02/15 18:10:20 [category_id: %v 1]
[INFO][article.go:141]2025/02/15 18:10:20 [markkdown: %v assets/md/1739614220.md]
[INFO][article.go:128]2025/02/15 18:13:19 [文件上传成功：%s assets/md/1739614399.md]
[INFO][article.go:133]2025/02/15 18:13:19 [接收到的参数：]
[INFO][article.go:134]2025/02/15 18:13:19 [tag_ids: %v 1,2]
[INFO][article.go:135]2025/02/15 18:13:19 [title: %v 文件上传测试]
[INFO][article.go:136]2025/02/15 18:13:19 [desc: %v 描述描述描述描述描述描述描述描述描述]
[INFO][article.go:137]2025/02/15 18:13:19 [content: %v ]
[INFO][article.go:138]2025/02/15 18:13:19 [created_by: %v zxy]
[INFO][article.go:139]2025/02/15 18:13:19 [state: %v 1]
[INFO][article.go:140]2025/02/15 18:13:19 [category_id: %v 1]
[INFO][article.go:141]2025/02/15 18:13:19 [markdown: %v assets/md/1739614399.md]
[INFO][article.go:185]2025/02/15 18:13:19 [上传的文件路径 %s assets/md/1739614399.md]
